This is pdfTeX, Version 3.141592653-2.6-1.40.25 (MiKTeX 23.5) (preloaded format=pdflatex 2023.8.24)  9 NOV 2023 16:06
entering extended mode
 restricted \write18 enabled.
 file:line:error style messages enabled.
 %&-line parsing enabled.
**c:/Users/marco/projetos/latex/modelo_tcc/main.tex
(c:/Users/marco/projetos/latex/modelo_tcc/main.tex
LaTeX2e <2023-06-01> patch level 1
L3 programming layer <2023-08-11>
(C:\Users\marco\AppData\Local\Programs\MiKTeX\tex/latex/abntex2\abntex2.cls
Document Class: abntex2 2018/11/24 v-1.9.7 abnTeX2
(C:\Users\marco\AppData\Local\Programs\MiKTeX\tex/latex/base\ifthen.sty
Package: ifthen 2022/04/13 v1.1d Standard LaTeX ifthen package (DPC)
)

! LaTeX Error: File `textcase.sty' not found.

Type X to quit or <RETURN> to proceed,
or enter new name. (Default extension: sty)

Enter file name: 
C:\Users\marco\AppData\Local\Programs\MiKTeX\tex/latex/abntex2\abntex2.cls:105: Emergency stop.
<read *> 
         
l.105 ^^M
         
*** (cannot \read from terminal in nonstop modes)

 
Here is how much of TeX's memory you used:
 141 strings out of 475503
 2763 string characters out of 5761834
 1916248 words of memory out of 5000000
 21500 multiletter control sequences out of 15000+600000
 558069 words of font info for 36 fonts, out of 8000000 for 9000
 1141 hyphenation exceptions out of 8191
 42i,0n,51p,174b,17s stack positions out of 10000i,1000n,20000p,200000b,200000s
C:\Users\marco\AppData\Local\Programs\MiKTeX\tex/latex/abntex2\abntex2.cls:105:  ==> Fatal error occurred, no output PDF file produced!
