This is pdfTeX, Version 3.141592653-2.6-1.40.25 (MiKTeX 23.5) (preloaded format=pdflatex 2023.8.24)  11 SEP 2023 18:53
entering extended mode
 restricted \write18 enabled.
 file:line:error style messages enabled.
 %&-line parsing enabled.
**c:/Users/marco/projetos/latex/conjunto/conjunto.tex
(c:/Users/marco/projetos/latex/conjunto/conjunto.tex
LaTeX2e <2023-06-01> patch level 1
L3 programming layer <2023-08-11>

c:/Users/marco/projetos/latex/conjunto/conjunto.tex:2: LaTeX hooks Error: Missing (empty) default label on line 2.
(hooks)              This command was ignored.

Type <return> to continue.
 ...                                              
                                                  
l.2 \usepackage
               [top=2cm, bottom=2cm, left=2.5cm, right=2.5cm]{geometry}

LaTeX does not know anything more about this error, sorry.

Try typing <return> to proceed.
If that doesn't work, type X <return> to quit.



! LaTeX Error: File `.cls' not found.

Type X to quit or <RETURN> to proceed,
or enter new name. (Default extension: cls)

Enter file name: 
c:/Users/marco/projetos/latex/conjunto/conjunto.tex:2: Emergency stop.
<read *> 
         
l.2 \usepackage
               [top=2cm, bottom=2cm, left=2.5cm, right=2.5cm]{geometry}^^M
*** (cannot \read from terminal in nonstop modes)

 
Here is how much of TeX's memory you used:
 24 strings out of 475503
 549 string characters out of 5761834
 1916248 words of memory out of 5000000
 21392 multiletter control sequences out of 15000+600000
 558069 words of font info for 36 fonts, out of 8000000 for 9000
 1141 hyphenation exceptions out of 8191
 20i,0n,45p,161b,44s stack positions out of 10000i,1000n,20000p,200000b,200000s
c:/Users/marco/projetos/latex/conjunto/conjunto.tex:2:  ==> Fatal error occurred, no output PDF file produced!
